CRITICAL - 2025-08-20 19:43:34 --> Error: Class "App\Models\PacienteModel" not found
[Method: POST, Route: pacientes/salvar]
in APPPATH\Controllers\Pacientes.php on line 10.
 1 SYSTEMPATH\CodeIgniter.php(933): App\Controllers\Pacientes->salvar()
 2 SYSTEMPATH\CodeIgniter.php(507): CodeIgniter\CodeIgniter->runController(Object(App\Controllers\Pacientes))
 3 SYSTEMPATH\CodeIgniter.php(354): CodeIgniter\CodeIgniter->handleRequest(null, Object(Config\Cache), false)
 4 SYSTEMPATH\Boot.php(334): CodeIgniter\CodeIgniter->run()
 5 SYSTEMPATH\Boot.php(67): CodeIgniter\Boot::runCodeIgniter(Object(CodeIgniter\CodeIgniter))
 6 FCPATH\index.php(59): CodeIgniter\Boot::bootWeb(Object(Config\Paths))
 7 SYSTEMPATH\rewrite.php(44): require_once('C:\\xampp\\htdocs\\Web_Clinic 2.0\\public\\index.php')
ERROR - 2025-08-20 19:45:15 --> mysqli_sql_exception: Unknown column 'updated_at' in 'field list' in C:\xampp\htdocs\Web_Clinic 2.0\system\Database\MySQLi\Connection.php:327
Stack trace:
#0 C:\xampp\htdocs\Web_Clinic 2.0\system\Database\MySQLi\Connection.php(327): mysqli->query('INSERT INTO `pa...', 0)
#1 C:\xampp\htdocs\Web_Clinic 2.0\system\Database\BaseConnection.php(738): CodeIgniter\Database\MySQLi\Connection->execute('INSERT INTO `pa...')
#2 C:\xampp\htdocs\Web_Clinic 2.0\system\Database\BaseConnection.php(652): CodeIgniter\Database\BaseConnection->simpleQuery('INSERT INTO `pa...')
#3 C:\xampp\htdocs\Web_Clinic 2.0\system\Database\BaseBuilder.php(2345): CodeIgniter\Database\BaseConnection->query('INSERT INTO `pa...', Array, false)
#4 C:\xampp\htdocs\Web_Clinic 2.0\system\Model.php(394): CodeIgniter\Database\BaseBuilder->insert()
#5 C:\xampp\htdocs\Web_Clinic 2.0\system\BaseModel.php(843): CodeIgniter\Model->doInsert(Array)
#6 C:\xampp\htdocs\Web_Clinic 2.0\system\Model.php(800): CodeIgniter\BaseModel->insert(Array, true)
#7 C:\xampp\htdocs\Web_Clinic 2.0\app\Controllers\Pacientes.php(34): CodeIgniter\Model->insert(Array)
#8 C:\xampp\htdocs\Web_Clinic 2.0\system\CodeIgniter.php(933): App\Controllers\Pacientes->salvar()
#9 C:\xampp\htdocs\Web_Clinic 2.0\system\CodeIgniter.php(507): CodeIgniter\CodeIgniter->runController(Object(App\Controllers\Pacientes))
#10 C:\xampp\htdocs\Web_Clinic 2.0\system\CodeIgniter.php(354): CodeIgniter\CodeIgniter->handleRequest(NULL, Object(Config\Cache), false)
#11 C:\xampp\htdocs\Web_Clinic 2.0\system\Boot.php(334): CodeIgniter\CodeIgniter->run()
#12 C:\xampp\htdocs\Web_Clinic 2.0\system\Boot.php(67): CodeIgniter\Boot::runCodeIgniter(Object(CodeIgniter\CodeIgniter))
#13 C:\xampp\htdocs\Web_Clinic 2.0\public\index.php(59): CodeIgniter\Boot::bootWeb(Object(Config\Paths))
#14 C:\xampp\htdocs\Web_Clinic 2.0\system\rewrite.php(44): require_once('C:\\xampp\\htdocs...')
#15 {main}
CRITICAL - 2025-08-20 19:45:15 --> CodeIgniter\Database\Exceptions\DatabaseException: Unknown column 'updated_at' in 'field list'
[Method: POST, Route: pacientes/salvar]
in SYSTEMPATH\Database\BaseConnection.php on line 692.
 1 SYSTEMPATH\Database\BaseBuilder.php(2345): CodeIgniter\Database\BaseConnection->query('INSERT INTO `pacientes` (`nome`, `cpf`, `rg`, `endereco`, `grupo_pacientes`, `sexo`, `medico_solicitante`, `laudo_url`, `observacoes`, `data_cadastro`, `updated_at`) VALUES (:nome:, :cpf:, :rg:, :endereco:, :grupo_pacientes:, :sexo:, :medico_solicitante:, :laudo_url:, :observacoes:, :data_cadastro:, :updated_at:)', [...], false)
 2 SYSTEMPATH\Model.php(394): CodeIgniter\Database\BaseBuilder->insert()
 3 SYSTEMPATH\BaseModel.php(843): CodeIgniter\Model->doInsert([...])
 4 SYSTEMPATH\Model.php(800): CodeIgniter\BaseModel->insert([...], true)
 5 APPPATH\Controllers\Pacientes.php(34): CodeIgniter\Model->insert([...])
 6 SYSTEMPATH\CodeIgniter.php(933): App\Controllers\Pacientes->salvar()
 7 SYSTEMPATH\CodeIgniter.php(507): CodeIgniter\CodeIgniter->runController(Object(App\Controllers\Pacientes))
 8 SYSTEMPATH\CodeIgniter.php(354): CodeIgniter\CodeIgniter->handleRequest(null, Object(Config\Cache), false)
 9 SYSTEMPATH\Boot.php(334): CodeIgniter\CodeIgniter->run()
10 SYSTEMPATH\Boot.php(67): CodeIgniter\Boot::runCodeIgniter(Object(CodeIgniter\CodeIgniter))
11 FCPATH\index.php(59): CodeIgniter\Boot::bootWeb(Object(Config\Paths))
12 SYSTEMPATH\rewrite.php(44): require_once('C:\\xampp\\htdocs\\Web_Clinic 2.0\\public\\index.php')
CRITICAL - 2025-08-20 19:45:15 --> [Caused by] CodeIgniter\Database\Exceptions\DatabaseException: Unknown column 'updated_at' in 'field list'
in SYSTEMPATH\Database\MySQLi\Connection.php on line 332.
 1 SYSTEMPATH\Database\BaseConnection.php(738): CodeIgniter\Database\MySQLi\Connection->execute('INSERT INTO `pacientes` (`nome`, `cpf`, `rg`, `endereco`, `grupo_pacientes`, `sexo`, `medico_solicitante`, `laudo_url`, `observacoes`, `data_cadastro`, `updated_at`) VALUES (\'ewrwer\', \'712.690.904-70\', \'003.724.927\', \'rua atlas\', NULL, NULL, NULL, NULL, \'\', \'2025-08-20 19:45:15\', \'2025-08-20 19:45:15\')')
 2 SYSTEMPATH\Database\BaseConnection.php(652): CodeIgniter\Database\BaseConnection->simpleQuery('INSERT INTO `pacientes` (`nome`, `cpf`, `rg`, `endereco`, `grupo_pacientes`, `sexo`, `medico_solicitante`, `laudo_url`, `observacoes`, `data_cadastro`, `updated_at`) VALUES (\'ewrwer\', \'712.690.904-70\', \'003.724.927\', \'rua atlas\', NULL, NULL, NULL, NULL, \'\', \'2025-08-20 19:45:15\', \'2025-08-20 19:45:15\')')
 3 SYSTEMPATH\Database\BaseBuilder.php(2345): CodeIgniter\Database\BaseConnection->query('INSERT INTO `pacientes` (`nome`, `cpf`, `rg`, `endereco`, `grupo_pacientes`, `sexo`, `medico_solicitante`, `laudo_url`, `observacoes`, `data_cadastro`, `updated_at`) VALUES (:nome:, :cpf:, :rg:, :endereco:, :grupo_pacientes:, :sexo:, :medico_solicitante:, :laudo_url:, :observacoes:, :data_cadastro:, :updated_at:)', [...], false)
 4 SYSTEMPATH\Model.php(394): CodeIgniter\Database\BaseBuilder->insert()
 5 SYSTEMPATH\BaseModel.php(843): CodeIgniter\Model->doInsert([...])
 6 SYSTEMPATH\Model.php(800): CodeIgniter\BaseModel->insert([...], true)
 7 APPPATH\Controllers\Pacientes.php(34): CodeIgniter\Model->insert([...])
 8 SYSTEMPATH\CodeIgniter.php(933): App\Controllers\Pacientes->salvar()
 9 SYSTEMPATH\CodeIgniter.php(507): CodeIgniter\CodeIgniter->runController(Object(App\Controllers\Pacientes))
10 SYSTEMPATH\CodeIgniter.php(354): CodeIgniter\CodeIgniter->handleRequest(null, Object(Config\Cache), false)
11 SYSTEMPATH\Boot.php(334): CodeIgniter\CodeIgniter->run()
12 SYSTEMPATH\Boot.php(67): CodeIgniter\Boot::runCodeIgniter(Object(CodeIgniter\CodeIgniter))
13 FCPATH\index.php(59): CodeIgniter\Boot::bootWeb(Object(Config\Paths))
14 SYSTEMPATH\rewrite.php(44): require_once('C:\\xampp\\htdocs\\Web_Clinic 2.0\\public\\index.php')
CRITICAL - 2025-08-20 19:45:15 --> [Caused by] mysqli_sql_exception: Unknown column 'updated_at' in 'field list'
in SYSTEMPATH\Database\MySQLi\Connection.php on line 327.
 1 SYSTEMPATH\Database\MySQLi\Connection.php(327): mysqli->query('INSERT INTO `pacientes` (`nome`, `cpf`, `rg`, `endereco`, `grupo_pacientes`, `sexo`, `medico_solicitante`, `laudo_url`, `observacoes`, `data_cadastro`, `updated_at`) VALUES (\'ewrwer\', \'712.690.904-70\', \'003.724.927\', \'rua atlas\', NULL, NULL, NULL, NULL, \'\', \'2025-08-20 19:45:15\', \'2025-08-20 19:45:15\')', 0)
 2 SYSTEMPATH\Database\BaseConnection.php(738): CodeIgniter\Database\MySQLi\Connection->execute('INSERT INTO `pacientes` (`nome`, `cpf`, `rg`, `endereco`, `grupo_pacientes`, `sexo`, `medico_solicitante`, `laudo_url`, `observacoes`, `data_cadastro`, `updated_at`) VALUES (\'ewrwer\', \'712.690.904-70\', \'003.724.927\', \'rua atlas\', NULL, NULL, NULL, NULL, \'\', \'2025-08-20 19:45:15\', \'2025-08-20 19:45:15\')')
 3 SYSTEMPATH\Database\BaseConnection.php(652): CodeIgniter\Database\BaseConnection->simpleQuery('INSERT INTO `pacientes` (`nome`, `cpf`, `rg`, `endereco`, `grupo_pacientes`, `sexo`, `medico_solicitante`, `laudo_url`, `observacoes`, `data_cadastro`, `updated_at`) VALUES (\'ewrwer\', \'712.690.904-70\', \'003.724.927\', \'rua atlas\', NULL, NULL, NULL, NULL, \'\', \'2025-08-20 19:45:15\', \'2025-08-20 19:45:15\')')
 4 SYSTEMPATH\Database\BaseBuilder.php(2345): CodeIgniter\Database\BaseConnection->query('INSERT INTO `pacientes` (`nome`, `cpf`, `rg`, `endereco`, `grupo_pacientes`, `sexo`, `medico_solicitante`, `laudo_url`, `observacoes`, `data_cadastro`, `updated_at`) VALUES (:nome:, :cpf:, :rg:, :endereco:, :grupo_pacientes:, :sexo:, :medico_solicitante:, :laudo_url:, :observacoes:, :data_cadastro:, :updated_at:)', [...], false)
 5 SYSTEMPATH\Model.php(394): CodeIgniter\Database\BaseBuilder->insert()
 6 SYSTEMPATH\BaseModel.php(843): CodeIgniter\Model->doInsert([...])
 7 SYSTEMPATH\Model.php(800): CodeIgniter\BaseModel->insert([...], true)
 8 APPPATH\Controllers\Pacientes.php(34): CodeIgniter\Model->insert([...])
 9 SYSTEMPATH\CodeIgniter.php(933): App\Controllers\Pacientes->salvar()
10 SYSTEMPATH\CodeIgniter.php(507): CodeIgniter\CodeIgniter->runController(Object(App\Controllers\Pacientes))
11 SYSTEMPATH\CodeIgniter.php(354): CodeIgniter\CodeIgniter->handleRequest(null, Object(Config\Cache), false)
12 SYSTEMPATH\Boot.php(334): CodeIgniter\CodeIgniter->run()
13 SYSTEMPATH\Boot.php(67): CodeIgniter\Boot::runCodeIgniter(Object(CodeIgniter\CodeIgniter))
14 FCPATH\index.php(59): CodeIgniter\Boot::bootWeb(Object(Config\Paths))
15 SYSTEMPATH\rewrite.php(44): require_once('C:\\xampp\\htdocs\\Web_Clinic 2.0\\public\\index.php')
DEBUG - 2025-08-20 19:46:19 --> Session: Class initialized using 'CodeIgniter\Session\Handlers\FileHandler' driver.
ERROR - 2025-08-20 19:48:17 --> mysqli_sql_exception: Duplicate entry '712.690.904-70' for key 'cpf' in C:\xampp\htdocs\Web_Clinic 2.0\system\Database\MySQLi\Connection.php:327
Stack trace:
#0 C:\xampp\htdocs\Web_Clinic 2.0\system\Database\MySQLi\Connection.php(327): mysqli->query('INSERT INTO `pa...', 0)
#1 C:\xampp\htdocs\Web_Clinic 2.0\system\Database\BaseConnection.php(738): CodeIgniter\Database\MySQLi\Connection->execute('INSERT INTO `pa...')
#2 C:\xampp\htdocs\Web_Clinic 2.0\system\Database\BaseConnection.php(652): CodeIgniter\Database\BaseConnection->simpleQuery('INSERT INTO `pa...')
#3 C:\xampp\htdocs\Web_Clinic 2.0\system\Database\BaseBuilder.php(2345): CodeIgniter\Database\BaseConnection->query('INSERT INTO `pa...', Array, false)
#4 C:\xampp\htdocs\Web_Clinic 2.0\system\Model.php(394): CodeIgniter\Database\BaseBuilder->insert()
#5 C:\xampp\htdocs\Web_Clinic 2.0\system\BaseModel.php(843): CodeIgniter\Model->doInsert(Array)
#6 C:\xampp\htdocs\Web_Clinic 2.0\system\Model.php(800): CodeIgniter\BaseModel->insert(Array, true)
#7 C:\xampp\htdocs\Web_Clinic 2.0\app\Controllers\Pacientes.php(34): CodeIgniter\Model->insert(Array)
#8 C:\xampp\htdocs\Web_Clinic 2.0\system\CodeIgniter.php(933): App\Controllers\Pacientes->salvar()
#9 C:\xampp\htdocs\Web_Clinic 2.0\system\CodeIgniter.php(507): CodeIgniter\CodeIgniter->runController(Object(App\Controllers\Pacientes))
#10 C:\xampp\htdocs\Web_Clinic 2.0\system\CodeIgniter.php(354): CodeIgniter\CodeIgniter->handleRequest(NULL, Object(Config\Cache), false)
#11 C:\xampp\htdocs\Web_Clinic 2.0\system\Boot.php(334): CodeIgniter\CodeIgniter->run()
#12 C:\xampp\htdocs\Web_Clinic 2.0\system\Boot.php(67): CodeIgniter\Boot::runCodeIgniter(Object(CodeIgniter\CodeIgniter))
#13 C:\xampp\htdocs\Web_Clinic 2.0\public\index.php(59): CodeIgniter\Boot::bootWeb(Object(Config\Paths))
#14 C:\xampp\htdocs\Web_Clinic 2.0\system\rewrite.php(44): require_once('C:\\xampp\\htdocs...')
#15 {main}
CRITICAL - 2025-08-20 19:48:17 --> CodeIgniter\Database\Exceptions\DatabaseException: Duplicate entry '712.690.904-70' for key 'cpf'
[Method: POST, Route: pacientes/salvar]
in SYSTEMPATH\Database\BaseConnection.php on line 692.
 1 SYSTEMPATH\Database\BaseBuilder.php(2345): CodeIgniter\Database\BaseConnection->query('INSERT INTO `pacientes` (`nome`, `cpf`, `rg`, `endereco`, `grupo_pacientes`, `sexo`, `medico_solicitante`, `laudo_url`, `observacoes`, `data_cadastro`) VALUES (:nome:, :cpf:, :rg:, :endereco:, :grupo_pacientes:, :sexo:, :medico_solicitante:, :laudo_url:, :observacoes:, :data_cadastro:)', [...], false)
 2 SYSTEMPATH\Model.php(394): CodeIgniter\Database\BaseBuilder->insert()
 3 SYSTEMPATH\BaseModel.php(843): CodeIgniter\Model->doInsert([...])
 4 SYSTEMPATH\Model.php(800): CodeIgniter\BaseModel->insert([...], true)
 5 APPPATH\Controllers\Pacientes.php(34): CodeIgniter\Model->insert([...])
 6 SYSTEMPATH\CodeIgniter.php(933): App\Controllers\Pacientes->salvar()
 7 SYSTEMPATH\CodeIgniter.php(507): CodeIgniter\CodeIgniter->runController(Object(App\Controllers\Pacientes))
 8 SYSTEMPATH\CodeIgniter.php(354): CodeIgniter\CodeIgniter->handleRequest(null, Object(Config\Cache), false)
 9 SYSTEMPATH\Boot.php(334): CodeIgniter\CodeIgniter->run()
10 SYSTEMPATH\Boot.php(67): CodeIgniter\Boot::runCodeIgniter(Object(CodeIgniter\CodeIgniter))
11 FCPATH\index.php(59): CodeIgniter\Boot::bootWeb(Object(Config\Paths))
12 SYSTEMPATH\rewrite.php(44): require_once('C:\\xampp\\htdocs\\Web_Clinic 2.0\\public\\index.php')
CRITICAL - 2025-08-20 19:48:17 --> [Caused by] CodeIgniter\Database\Exceptions\DatabaseException: Duplicate entry '712.690.904-70' for key 'cpf'
in SYSTEMPATH\Database\MySQLi\Connection.php on line 332.
 1 SYSTEMPATH\Database\BaseConnection.php(738): CodeIgniter\Database\MySQLi\Connection->execute('INSERT INTO `pacientes` (`nome`, `cpf`, `rg`, `endereco`, `grupo_pacientes`, `sexo`, `medico_solicitante`, `laudo_url`, `observacoes`, `data_cadastro`) VALUES (\'Leticia\', \'712.690.904-70\', \'021.548.796\', \'francisco assis\', NULL, NULL, NULL, NULL, \'\', \'2025-08-20 19:48:17\')')
 2 SYSTEMPATH\Database\BaseConnection.php(652): CodeIgniter\Database\BaseConnection->simpleQuery('INSERT INTO `pacientes` (`nome`, `cpf`, `rg`, `endereco`, `grupo_pacientes`, `sexo`, `medico_solicitante`, `laudo_url`, `observacoes`, `data_cadastro`) VALUES (\'Leticia\', \'712.690.904-70\', \'021.548.796\', \'francisco assis\', NULL, NULL, NULL, NULL, \'\', \'2025-08-20 19:48:17\')')
 3 SYSTEMPATH\Database\BaseBuilder.php(2345): CodeIgniter\Database\BaseConnection->query('INSERT INTO `pacientes` (`nome`, `cpf`, `rg`, `endereco`, `grupo_pacientes`, `sexo`, `medico_solicitante`, `laudo_url`, `observacoes`, `data_cadastro`) VALUES (:nome:, :cpf:, :rg:, :endereco:, :grupo_pacientes:, :sexo:, :medico_solicitante:, :laudo_url:, :observacoes:, :data_cadastro:)', [...], false)
 4 SYSTEMPATH\Model.php(394): CodeIgniter\Database\BaseBuilder->insert()
 5 SYSTEMPATH\BaseModel.php(843): CodeIgniter\Model->doInsert([...])
 6 SYSTEMPATH\Model.php(800): CodeIgniter\BaseModel->insert([...], true)
 7 APPPATH\Controllers\Pacientes.php(34): CodeIgniter\Model->insert([...])
 8 SYSTEMPATH\CodeIgniter.php(933): App\Controllers\Pacientes->salvar()
 9 SYSTEMPATH\CodeIgniter.php(507): CodeIgniter\CodeIgniter->runController(Object(App\Controllers\Pacientes))
10 SYSTEMPATH\CodeIgniter.php(354): CodeIgniter\CodeIgniter->handleRequest(null, Object(Config\Cache), false)
11 SYSTEMPATH\Boot.php(334): CodeIgniter\CodeIgniter->run()
12 SYSTEMPATH\Boot.php(67): CodeIgniter\Boot::runCodeIgniter(Object(CodeIgniter\CodeIgniter))
13 FCPATH\index.php(59): CodeIgniter\Boot::bootWeb(Object(Config\Paths))
14 SYSTEMPATH\rewrite.php(44): require_once('C:\\xampp\\htdocs\\Web_Clinic 2.0\\public\\index.php')
CRITICAL - 2025-08-20 19:48:17 --> [Caused by] mysqli_sql_exception: Duplicate entry '712.690.904-70' for key 'cpf'
in SYSTEMPATH\Database\MySQLi\Connection.php on line 327.
 1 SYSTEMPATH\Database\MySQLi\Connection.php(327): mysqli->query('INSERT INTO `pacientes` (`nome`, `cpf`, `rg`, `endereco`, `grupo_pacientes`, `sexo`, `medico_solicitante`, `laudo_url`, `observacoes`, `data_cadastro`) VALUES (\'Leticia\', \'712.690.904-70\', \'021.548.796\', \'francisco assis\', NULL, NULL, NULL, NULL, \'\', \'2025-08-20 19:48:17\')', 0)
 2 SYSTEMPATH\Database\BaseConnection.php(738): CodeIgniter\Database\MySQLi\Connection->execute('INSERT INTO `pacientes` (`nome`, `cpf`, `rg`, `endereco`, `grupo_pacientes`, `sexo`, `medico_solicitante`, `laudo_url`, `observacoes`, `data_cadastro`) VALUES (\'Leticia\', \'712.690.904-70\', \'021.548.796\', \'francisco assis\', NULL, NULL, NULL, NULL, \'\', \'2025-08-20 19:48:17\')')
 3 SYSTEMPATH\Database\BaseConnection.php(652): CodeIgniter\Database\BaseConnection->simpleQuery('INSERT INTO `pacientes` (`nome`, `cpf`, `rg`, `endereco`, `grupo_pacientes`, `sexo`, `medico_solicitante`, `laudo_url`, `observacoes`, `data_cadastro`) VALUES (\'Leticia\', \'712.690.904-70\', \'021.548.796\', \'francisco assis\', NULL, NULL, NULL, NULL, \'\', \'2025-08-20 19:48:17\')')
 4 SYSTEMPATH\Database\BaseBuilder.php(2345): CodeIgniter\Database\BaseConnection->query('INSERT INTO `pacientes` (`nome`, `cpf`, `rg`, `endereco`, `grupo_pacientes`, `sexo`, `medico_solicitante`, `laudo_url`, `observacoes`, `data_cadastro`) VALUES (:nome:, :cpf:, :rg:, :endereco:, :grupo_pacientes:, :sexo:, :medico_solicitante:, :laudo_url:, :observacoes:, :data_cadastro:)', [...], false)
 5 SYSTEMPATH\Model.php(394): CodeIgniter\Database\BaseBuilder->insert()
 6 SYSTEMPATH\BaseModel.php(843): CodeIgniter\Model->doInsert([...])
 7 SYSTEMPATH\Model.php(800): CodeIgniter\BaseModel->insert([...], true)
 8 APPPATH\Controllers\Pacientes.php(34): CodeIgniter\Model->insert([...])
 9 SYSTEMPATH\CodeIgniter.php(933): App\Controllers\Pacientes->salvar()
10 SYSTEMPATH\CodeIgniter.php(507): CodeIgniter\CodeIgniter->runController(Object(App\Controllers\Pacientes))
11 SYSTEMPATH\CodeIgniter.php(354): CodeIgniter\CodeIgniter->handleRequest(null, Object(Config\Cache), false)
12 SYSTEMPATH\Boot.php(334): CodeIgniter\CodeIgniter->run()
13 SYSTEMPATH\Boot.php(67): CodeIgniter\Boot::runCodeIgniter(Object(CodeIgniter\CodeIgniter))
14 FCPATH\index.php(59): CodeIgniter\Boot::bootWeb(Object(Config\Paths))
15 SYSTEMPATH\rewrite.php(44): require_once('C:\\xampp\\htdocs\\Web_Clinic 2.0\\public\\index.php')
DEBUG - 2025-08-20 19:48:35 --> Session: Class initialized using 'CodeIgniter\Session\Handlers\FileHandler' driver.
